<?xml version="1.0" encoding="UTF-8"?>
<!-- Generated by org.testng.reporters.JUnitXMLReporter -->
<testsuite hostname="HP-HP" ignored="0" name="JuniTTest" tests="2" failures="0" timestamp="18 May 2019 10:56:58 GMT" time="0.143" errors="0">
  <testcase name="junitmethodthree on junitmethodthree(junit1.Junitone)" time="0.016" classname="junit1.Junitone"/>
  <testcase name="junitmethodone on junitmethodone(junit1.Junitone)" time="0.018" classname="junit1.Junitone"/>
</testsuite> <!-- JuniTTest -->
