<?xml version="1.0" encoding="UTF-8"?>
<!-- Generated by org.testng.reporters.JUnitReportReporter -->
<testsuite skipped="0" hostname="HP-HP" name="testng1.Testngtwo" tests="2" failures="0" timestamp="18 May 2019 10:56:58 GMT" time="0.003" errors="0">
  <testcase name="Testng4" time="0.002" classname="testng1.Testngtwo"/>
  <testcase name="Testng3" time="0.001" classname="testng1.Testngtwo"/>
</testsuite> <!-- testng1.Testngtwo -->
