<?xml version="1.0" encoding="UTF-8"?>
<!-- Generated by org.testng.reporters.JUnitReportReporter -->
<testsuite skipped="0" hostname="HP-HP" name="testng1.Testngone" tests="2" failures="0" timestamp="18 May 2019 10:56:58 GMT" time="0.007" errors="0">
  <testcase name="Testng1" time="0.005" classname="testng1.Testngone"/>
  <testcase name="Testng2" time="0.002" classname="testng1.Testngone"/>
</testsuite> <!-- testng1.Testngone -->
