<?xml version="1.0" encoding="UTF-8"?>
<!-- Generated by org.testng.reporters.JUnitReportReporter -->
<testsuite skipped="0" hostname="HP-HP" name="junit1.Junitone" tests="2" failures="0" timestamp="18 May 2019 10:56:58 GMT" time="0.034" errors="0">
  <testcase name="junitmethodthree" time="0.016" classname="junit1.Junitone"/>
  <testcase name="junitmethodone" time="0.018" classname="junit1.Junitone"/>
</testsuite> <!-- junit1.Junitone -->
